c:\users\дмитрий\source\repos\projectcavemanlawyers\projectcavemanlawyers\x64\debug\vc143.pdb
c:\users\дмитрий\source\repos\projectcavemanlawyers\projectcavemanlawyers\x64\debug\vc143.idb
c:\users\дмитрий\source\repos\projectcavemanlawyers\projectcavemanlawyers\x64\debug\projectcavemanlawyers.obj
c:\users\дмитрий\source\repos\projectcavemanlawyers\x64\debug\projectcavemanlawyers.pdb
c:\users\дмитрий\source\repos\projectcavemanlawyers\projectcavemanlawyers\x64\debug\projectc.73b1e307.tlog\cl.command.1.tlog
c:\users\дмитрий\source\repos\projectcavemanlawyers\projectcavemanlawyers\x64\debug\projectc.73b1e307.tlog\cl.read.1.tlog
c:\users\дмитрий\source\repos\projectcavemanlawyers\projectcavemanlawyers\x64\debug\projectc.73b1e307.tlog\cl.write.1.tlog
c:\users\дмитрий\source\repos\projectcavemanlawyers\projectcavemanlawyers\x64\debug\projectc.73b1e307.tlog\link-cvtres.read.1.tlog
c:\users\дмитрий\source\repos\projectcavemanlawyers\projectcavemanlawyers\x64\debug\projectc.73b1e307.tlog\link-cvtres.write.1.tlog
c:\users\дмитрий\source\repos\projectcavemanlawyers\projectcavemanlawyers\x64\debug\projectc.73b1e307.tlog\link-rc.read.1.tlog
c:\users\дмитрий\source\repos\projectcavemanlawyers\projectcavemanlawyers\x64\debug\projectc.73b1e307.tlog\link-rc.write.1.tlog
c:\users\дмитрий\source\repos\projectcavemanlawyers\projectcavemanlawyers\x64\debug\projectc.73b1e307.tlog\link.24052-cvtres.read.1.tlog
c:\users\дмитрий\source\repos\projectcavemanlawyers\projectcavemanlawyers\x64\debug\projectc.73b1e307.tlog\link.24052-cvtres.write.1.tlog
c:\users\дмитрий\source\repos\projectcavemanlawyers\projectcavemanlawyers\x64\debug\projectc.73b1e307.tlog\link.24052-rc.read.1.tlog
c:\users\дмитрий\source\repos\projectcavemanlawyers\projectcavemanlawyers\x64\debug\projectc.73b1e307.tlog\link.24052-rc.write.1.tlog
c:\users\дмитрий\source\repos\projectcavemanlawyers\projectcavemanlawyers\x64\debug\projectc.73b1e307.tlog\link.24052.read.1.tlog
c:\users\дмитрий\source\repos\projectcavemanlawyers\projectcavemanlawyers\x64\debug\projectc.73b1e307.tlog\link.24052.read.2.tlog
c:\users\дмитрий\source\repos\projectcavemanlawyers\projectcavemanlawyers\x64\debug\projectc.73b1e307.tlog\link.24052.write.1.tlog
c:\users\дмитрий\source\repos\projectcavemanlawyers\projectcavemanlawyers\x64\debug\projectc.73b1e307.tlog\link.command.1.tlog
c:\users\дмитрий\source\repos\projectcavemanlawyers\projectcavemanlawyers\x64\debug\projectc.73b1e307.tlog\link.read.1.tlog
c:\users\дмитрий\source\repos\projectcavemanlawyers\projectcavemanlawyers\x64\debug\projectc.73b1e307.tlog\link.read.2.tlog
c:\users\дмитрий\source\repos\projectcavemanlawyers\projectcavemanlawyers\x64\debug\projectc.73b1e307.tlog\link.write.1.tlog
